{
  "RSpec": {
    "coverage": {
      "/home/charlene/projects/datascraper/spec/scraper_spec.rb": [
        1,
        null,
        1,
        1,
        1,
        1,
        1,
        1,
        1,
        1,
        1,
        null,
        null,
        1,
        1,
        1,
        1,
        null,
        null,
        1,
        1,
        1,
        1,
        null,
        null,
        1,
        1,
        1,
        1,
        1,
        null,
        null,
        1,
        1,
        1,
        1,
        null,
        null,
        1,
        1,
        1,
        1,
        null,
        null,
        null
      ],
      "/home/charlene/projects/datascraper/lib/scraper.rb": [
        1,
        1,
        1,
        null,
        1,
        1,
        null,
        1,
        4,
        null,
        null,
        1,
        100,
        null,
        null,
        1,
        34,
        null,
        null,
        1,
        34,
        null,
        null,
        1,
        70,
        null,
        null,
        1,
        34,
        null,
        null,
        1,
        34,
        null,
        1,
        3,
        3,
        66,
        null,
        null,
        33,
        null,
        null,
        null,
        null
      ],
      "/home/charlene/projects/datascraper/spec/web_page_loader_spec.rb": [
        1,
        null,
        1,
        1,
        1,
        1,
        1,
        1,
        1,
        1,
        1,
        null,
        null,
        null
      ],
      "/home/charlene/projects/datascraper/lib/web_page_loader.rb": [
        1,
        null,
        1,
        1,
        null,
        1,
        1,
        1,
        3,
        3,
        3,
        null,
        null,
        null,
        1,
        3,
        3,
        3,
        null,
        null,
        1,
        3,
        3,
        null,
        null
      ]
    },
    "timestamp": 1526903567
  }
}
